# Logfile created on Sun Nov 13 23:47:16 -0600 2016 by logger.rb/1.2.6
[13/Nov/2016:23:47:16 :: 106372] starting
[14/Nov/2016:00:04:42 :: 106372] Dispatcher failed to catch: (eval):3:in `named_helper_module_eval': compile error
(eval):1: syntax error, unexpected '/', expecting '\n' or ';'
...        def hash_for_workflow/test_index_url(options = nil) ...
                              ^
(eval):3: syntax error, unexpected kEND, expecting $end
              end                              ...
                 ^ (SyntaxError)
  /usr/lib/ruby/gems/1.8/gems/actionpack-2.3.18/lib/action_controller/routing/route_set.rb:142:in `named_helper_module_eval'
  /usr/lib/ruby/gems/1.8/gems/actionpack-2.3.18/lib/action_controller/routing/route_set.rb:147:in `define_hash_access'
  /usr/lib/ruby/gems/1.8/gems/actionpack-2.3.18/lib/action_controller/routing/route_set.rb:136:in `define_named_route_methods'
  /usr/lib/ruby/gems/1.8/gems/actionpack-2.3.18/lib/action_controller/routing/route_set.rb:134:in `each'
  /usr/lib/ruby/gems/1.8/gems/actionpack-2.3.18/lib/action_controller/routing/route_set.rb:134:in `define_named_route_methods'
  /usr/lib/ruby/gems/1.8/gems/actionpack-2.3.18/lib/action_controller/routing/route_set.rb:85:in `[]='
  /usr/lib/ruby/gems/1.8/gems/actionpack-2.3.18/lib/action_controller/routing/route_set.rb:318:in `add_named_route'
  /usr/lib/ruby/gems/1.8/gems/actionpack-2.3.18/lib/action_controller/routing/route_set.rb:33:in `named_route'
  /usr/lib/ruby/gems/1.8/gems/activesupport-2.3.18/lib/active_support/option_merger.rb:20:in `__send__'
  /usr/lib/ruby/gems/1.8/gems/activesupport-2.3.18/lib/active_support/option_merger.rb:20:in `method_missing'
  /usr/lib/ruby/gems/1.8/gems/actionpack-2.3.18/lib/action_controller/resources.rb:654:in `map_resource_routes'
  /usr/lib/ruby/gems/1.8/gems/actionpack-2.3.18/lib/action_controller/resources.rb:606:in `map_default_collection_actions'
  /usr/lib/ruby/gems/1.8/gems/actionpack-2.3.18/lib/action_controller/resources.rb:536:in `map_resource'
  /usr/lib/ruby/gems/1.8/gems/activesupport-2.3.18/lib/active_support/core_ext/object/misc.rb:81:in `with_options'
  /usr/lib/ruby/gems/1.8/gems/actionpack-2.3.18/lib/action_controller/resources.rb:528:in `map_resource'
  /usr/lib/ruby/gems/1.8/gems/actionpack-2.3.18/lib/action_controller/resources.rb:447:in `resources'
  /usr/lib/ruby/gems/1.8/gems/actionpack-2.3.18/lib/action_controller/resources.rb:447:in `each'
  /usr/lib/ruby/gems/1.8/gems/actionpack-2.3.18/lib/action_controller/resources.rb:447:in `resources'
  /home1/daneyo/workflow/config/routes.rb:2
  /usr/lib/ruby/gems/1.8/gems/actionpack-2.3.18/lib/action_controller/routing/route_set.rb:227:in `draw'
  /home1/daneyo/workflow/config/routes.rb:1
  /usr/lib/ruby/gems/1.8/gems/activesupport-2.3.18/lib/active_support/dependencies.rb:171:in `load_without_new_constant_marking'
  /usr/lib/ruby/gems/1.8/gems/activesupport-2.3.18/lib/active_support/dependencies.rb:171:in `load'
  /usr/lib/ruby/gems/1.8/gems/activesupport-2.3.18/lib/active_support/dependencies.rb:547:in `new_constants_in'
  /usr/lib/ruby/gems/1.8/gems/activesupport-2.3.18/lib/active_support/dependencies.rb:171:in `load'
  /usr/lib/ruby/gems/1.8/gems/actionpack-2.3.18/lib/action_controller/routing/route_set.rb:287:in `load_routes!'
  /usr/lib/ruby/gems/1.8/gems/actionpack-2.3.18/lib/action_controller/routing/route_set.rb:287:in `each'
  /usr/lib/ruby/gems/1.8/gems/actionpack-2.3.18/lib/action_controller/routing/route_set.rb:287:in `load_routes!'
  /usr/lib/ruby/gems/1.8/gems/actionpack-2.3.18/lib/action_controller/routing/route_set.rb:267:in `load!'
  /usr/lib/ruby/gems/1.8/gems/actionpack-2.3.18/lib/action_controller/routing/route_set.rb:282:in `reload'
  /usr/lib/ruby/gems/1.8/gems/actionpack-2.3.18/lib/action_controller/dispatcher.rb:58:in `reload_application'
  /usr/lib/ruby/gems/1.8/gems/actionpack-2.3.18/lib/action_controller/reloader.rb:33:in `run'
  /usr/lib/ruby/gems/1.8/gems/actionpack-2.3.18/lib/action_controller/dispatcher.rb:108:in `call'
  /usr/lib/ruby/gems/1.8/gems/rack-1.1.3/lib/rack/content_length.rb:13:in `call'
  /usr/lib/ruby/gems/1.8/gems/rack-1.1.3/lib/rack/handler/fastcgi.rb:57:in `serve'
  /usr/lib/ruby/gems/1.8/gems/rails-2.3.18/lib/fcgi_handler.rb:103:in `process_request'
  /usr/lib/ruby/gems/1.8/gems/rails-2.3.18/lib/fcgi_handler.rb:153:in `with_signal_handler'
  /usr/lib/ruby/gems/1.8/gems/rails-2.3.18/lib/fcgi_handler.rb:101:in `process_request'
  /usr/lib/ruby/gems/1.8/gems/rails-2.3.18/lib/fcgi_handler.rb:78:in `process_each_request'
  /usr/lib/ruby/gems/1.8/gems/fcgi-0.8.8/lib/fcgi.rb:117:in `session'
  /usr/lib/ruby/gems/1.8/gems/fcgi-0.8.8/lib/fcgi.rb:104:in `each_request'
  /usr/lib/ruby/gems/1.8/gems/fcgi-0.8.8/lib/fcgi.rb:36:in `each'
  /usr/lib/ruby/gems/1.8/gems/rails-2.3.18/lib/fcgi_handler.rb:77:in `process_each_request'
  /usr/lib/ruby/gems/1.8/gems/rails-2.3.18/lib/fcgi_handler.rb:76:in `catch'
  /usr/lib/ruby/gems/1.8/gems/rails-2.3.18/lib/fcgi_handler.rb:76:in `process_each_request'
  /usr/lib/ruby/gems/1.8/gems/rails-2.3.18/lib/fcgi_handler.rb:51:in `process!'
  /usr/lib/ruby/gems/1.8/gems/rails-2.3.18/lib/fcgi_handler.rb:23:in `process!'
  dispatch.fcgi:24
unhandled dispatch error
[14/Nov/2016:00:08:21 :: 106372] Dispatcher failed to catch: /home1/daneyo/workflow/config/routes.rb:2: syntax error, unexpected ':', expecting kEND
  root to: "test#index"
          ^ (SyntaxError)
  /usr/lib/ruby/gems/1.8/gems/activesupport-2.3.18/lib/active_support/dependencies.rb:171:in `load_without_new_constant_marking'
  /usr/lib/ruby/gems/1.8/gems/activesupport-2.3.18/lib/active_support/dependencies.rb:171:in `load'
  /usr/lib/ruby/gems/1.8/gems/activesupport-2.3.18/lib/active_support/dependencies.rb:547:in `new_constants_in'
  /usr/lib/ruby/gems/1.8/gems/activesupport-2.3.18/lib/active_support/dependencies.rb:171:in `load'
  /usr/lib/ruby/gems/1.8/gems/actionpack-2.3.18/lib/action_controller/routing/route_set.rb:287:in `load_routes!'
  /usr/lib/ruby/gems/1.8/gems/actionpack-2.3.18/lib/action_controller/routing/route_set.rb:287:in `each'
  /usr/lib/ruby/gems/1.8/gems/actionpack-2.3.18/lib/action_controller/routing/route_set.rb:287:in `load_routes!'
  /usr/lib/ruby/gems/1.8/gems/actionpack-2.3.18/lib/action_controller/routing/route_set.rb:267:in `load!'
  /usr/lib/ruby/gems/1.8/gems/actionpack-2.3.18/lib/action_controller/routing/route_set.rb:282:in `reload'
  /usr/lib/ruby/gems/1.8/gems/actionpack-2.3.18/lib/action_controller/dispatcher.rb:58:in `reload_application'
  /usr/lib/ruby/gems/1.8/gems/actionpack-2.3.18/lib/action_controller/reloader.rb:33:in `run'
  /usr/lib/ruby/gems/1.8/gems/actionpack-2.3.18/lib/action_controller/dispatcher.rb:108:in `call'
  /usr/lib/ruby/gems/1.8/gems/rack-1.1.3/lib/rack/content_length.rb:13:in `call'
  /usr/lib/ruby/gems/1.8/gems/rack-1.1.3/lib/rack/handler/fastcgi.rb:57:in `serve'
  /usr/lib/ruby/gems/1.8/gems/rails-2.3.18/lib/fcgi_handler.rb:103:in `process_request'
  /usr/lib/ruby/gems/1.8/gems/rails-2.3.18/lib/fcgi_handler.rb:153:in `with_signal_handler'
  /usr/lib/ruby/gems/1.8/gems/rails-2.3.18/lib/fcgi_handler.rb:101:in `process_request'
  /usr/lib/ruby/gems/1.8/gems/rails-2.3.18/lib/fcgi_handler.rb:78:in `process_each_request'
  /usr/lib/ruby/gems/1.8/gems/fcgi-0.8.8/lib/fcgi.rb:117:in `session'
  /usr/lib/ruby/gems/1.8/gems/fcgi-0.8.8/lib/fcgi.rb:104:in `each_request'
  /usr/lib/ruby/gems/1.8/gems/fcgi-0.8.8/lib/fcgi.rb:36:in `each'
  /usr/lib/ruby/gems/1.8/gems/rails-2.3.18/lib/fcgi_handler.rb:77:in `process_each_request'
  /usr/lib/ruby/gems/1.8/gems/rails-2.3.18/lib/fcgi_handler.rb:76:in `catch'
  /usr/lib/ruby/gems/1.8/gems/rails-2.3.18/lib/fcgi_handler.rb:76:in `process_each_request'
  /usr/lib/ruby/gems/1.8/gems/rails-2.3.18/lib/fcgi_handler.rb:51:in `process!'
  /usr/lib/ruby/gems/1.8/gems/rails-2.3.18/lib/fcgi_handler.rb:23:in `process!'
  dispatch.fcgi:24
unhandled dispatch error
[14/Nov/2016:00:08:39 :: 106372] Dispatcher failed to catch: /home1/daneyo/workflow/config/routes.rb:2: syntax error, unexpected ':', expecting kEND
  root to: "test#index"
          ^ (SyntaxError)
  /usr/lib/ruby/gems/1.8/gems/activesupport-2.3.18/lib/active_support/dependencies.rb:171:in `load_without_new_constant_marking'
  /usr/lib/ruby/gems/1.8/gems/activesupport-2.3.18/lib/active_support/dependencies.rb:171:in `load'
  /usr/lib/ruby/gems/1.8/gems/activesupport-2.3.18/lib/active_support/dependencies.rb:547:in `new_constants_in'
  /usr/lib/ruby/gems/1.8/gems/activesupport-2.3.18/lib/active_support/dependencies.rb:171:in `load'
  /usr/lib/ruby/gems/1.8/gems/actionpack-2.3.18/lib/action_controller/routing/route_set.rb:287:in `load_routes!'
  /usr/lib/ruby/gems/1.8/gems/actionpack-2.3.18/lib/action_controller/routing/route_set.rb:287:in `each'
  /usr/lib/ruby/gems/1.8/gems/actionpack-2.3.18/lib/action_controller/routing/route_set.rb:287:in `load_routes!'
  /usr/lib/ruby/gems/1.8/gems/actionpack-2.3.18/lib/action_controller/routing/route_set.rb:267:in `load!'
  /usr/lib/ruby/gems/1.8/gems/actionpack-2.3.18/lib/action_controller/routing/route_set.rb:282:in `reload'
  /usr/lib/ruby/gems/1.8/gems/actionpack-2.3.18/lib/action_controller/dispatcher.rb:58:in `reload_application'
  /usr/lib/ruby/gems/1.8/gems/actionpack-2.3.18/lib/action_controller/reloader.rb:33:in `run'
  /usr/lib/ruby/gems/1.8/gems/actionpack-2.3.18/lib/action_controller/dispatcher.rb:108:in `call'
  /usr/lib/ruby/gems/1.8/gems/rack-1.1.3/lib/rack/content_length.rb:13:in `call'
  /usr/lib/ruby/gems/1.8/gems/rack-1.1.3/lib/rack/handler/fastcgi.rb:57:in `serve'
  /usr/lib/ruby/gems/1.8/gems/rails-2.3.18/lib/fcgi_handler.rb:103:in `process_request'
  /usr/lib/ruby/gems/1.8/gems/rails-2.3.18/lib/fcgi_handler.rb:153:in `with_signal_handler'
  /usr/lib/ruby/gems/1.8/gems/rails-2.3.18/lib/fcgi_handler.rb:101:in `process_request'
  /usr/lib/ruby/gems/1.8/gems/rails-2.3.18/lib/fcgi_handler.rb:78:in `process_each_request'
  /usr/lib/ruby/gems/1.8/gems/fcgi-0.8.8/lib/fcgi.rb:117:in `session'
  /usr/lib/ruby/gems/1.8/gems/fcgi-0.8.8/lib/fcgi.rb:104:in `each_request'
  /usr/lib/ruby/gems/1.8/gems/fcgi-0.8.8/lib/fcgi.rb:36:in `each'
  /usr/lib/ruby/gems/1.8/gems/rails-2.3.18/lib/fcgi_handler.rb:77:in `process_each_request'
  /usr/lib/ruby/gems/1.8/gems/rails-2.3.18/lib/fcgi_handler.rb:76:in `catch'
  /usr/lib/ruby/gems/1.8/gems/rails-2.3.18/lib/fcgi_handler.rb:76:in `process_each_request'
  /usr/lib/ruby/gems/1.8/gems/rails-2.3.18/lib/fcgi_handler.rb:51:in `process!'
  /usr/lib/ruby/gems/1.8/gems/rails-2.3.18/lib/fcgi_handler.rb:23:in `process!'
  dispatch.fcgi:24
unhandled dispatch error
[14/Nov/2016:00:10:08 :: 106372] asked to stop immediately
[14/Nov/2016:00:10:08 :: 106372] stopping after explicit exit
[14/Nov/2016:00:10:46 :: 58288] starting
[14/Nov/2016:19:06:46 :: 66007] starting
[14/Nov/2016:19:09:18 :: 66007] Dispatcher failed to catch: (eval):3:in `named_helper_module_eval': compile error
(eval):1: syntax error, unexpected '/', expecting '\n' or ';'
...        def hash_for_workflow/test_index_url(options = nil) ...
                              ^
(eval):3: syntax error, unexpected kEND, expecting $end
              end                              ...
                 ^ (SyntaxError)
  /usr/lib/ruby/gems/1.8/gems/actionpack-2.3.18/lib/action_controller/routing/route_set.rb:142:in `named_helper_module_eval'
  /usr/lib/ruby/gems/1.8/gems/actionpack-2.3.18/lib/action_controller/routing/route_set.rb:147:in `define_hash_access'
  /usr/lib/ruby/gems/1.8/gems/actionpack-2.3.18/lib/action_controller/routing/route_set.rb:136:in `define_named_route_methods'
  /usr/lib/ruby/gems/1.8/gems/actionpack-2.3.18/lib/action_controller/routing/route_set.rb:134:in `each'
  /usr/lib/ruby/gems/1.8/gems/actionpack-2.3.18/lib/action_controller/routing/route_set.rb:134:in `define_named_route_methods'
  /usr/lib/ruby/gems/1.8/gems/actionpack-2.3.18/lib/action_controller/routing/route_set.rb:85:in `[]='
  /usr/lib/ruby/gems/1.8/gems/actionpack-2.3.18/lib/action_controller/routing/route_set.rb:318:in `add_named_route'
  /usr/lib/ruby/gems/1.8/gems/actionpack-2.3.18/lib/action_controller/routing/route_set.rb:33:in `named_route'
  /usr/lib/ruby/gems/1.8/gems/activesupport-2.3.18/lib/active_support/option_merger.rb:20:in `__send__'
  /usr/lib/ruby/gems/1.8/gems/activesupport-2.3.18/lib/active_support/option_merger.rb:20:in `method_missing'
  /usr/lib/ruby/gems/1.8/gems/actionpack-2.3.18/lib/action_controller/resources.rb:654:in `map_resource_routes'
  /usr/lib/ruby/gems/1.8/gems/actionpack-2.3.18/lib/action_controller/resources.rb:606:in `map_default_collection_actions'
  /usr/lib/ruby/gems/1.8/gems/actionpack-2.3.18/lib/action_controller/resources.rb:536:in `map_resource'
  /usr/lib/ruby/gems/1.8/gems/activesupport-2.3.18/lib/active_support/core_ext/object/misc.rb:81:in `with_options'
  /usr/lib/ruby/gems/1.8/gems/actionpack-2.3.18/lib/action_controller/resources.rb:528:in `map_resource'
  /usr/lib/ruby/gems/1.8/gems/actionpack-2.3.18/lib/action_controller/resources.rb:447:in `resources'
  /usr/lib/ruby/gems/1.8/gems/actionpack-2.3.18/lib/action_controller/resources.rb:447:in `each'
  /usr/lib/ruby/gems/1.8/gems/actionpack-2.3.18/lib/action_controller/resources.rb:447:in `resources'
  /home1/daneyo/workflow/config/routes.rb:2
  /usr/lib/ruby/gems/1.8/gems/actionpack-2.3.18/lib/action_controller/routing/route_set.rb:227:in `draw'
  /home1/daneyo/workflow/config/routes.rb:1
  /usr/lib/ruby/gems/1.8/gems/activesupport-2.3.18/lib/active_support/dependencies.rb:171:in `load_without_new_constant_marking'
  /usr/lib/ruby/gems/1.8/gems/activesupport-2.3.18/lib/active_support/dependencies.rb:171:in `load'
  /usr/lib/ruby/gems/1.8/gems/activesupport-2.3.18/lib/active_support/dependencies.rb:547:in `new_constants_in'
  /usr/lib/ruby/gems/1.8/gems/activesupport-2.3.18/lib/active_support/dependencies.rb:171:in `load'
  /usr/lib/ruby/gems/1.8/gems/actionpack-2.3.18/lib/action_controller/routing/route_set.rb:287:in `load_routes!'
  /usr/lib/ruby/gems/1.8/gems/actionpack-2.3.18/lib/action_controller/routing/route_set.rb:287:in `each'
  /usr/lib/ruby/gems/1.8/gems/actionpack-2.3.18/lib/action_controller/routing/route_set.rb:287:in `load_routes!'
  /usr/lib/ruby/gems/1.8/gems/actionpack-2.3.18/lib/action_controller/routing/route_set.rb:267:in `load!'
  /usr/lib/ruby/gems/1.8/gems/actionpack-2.3.18/lib/action_controller/routing/route_set.rb:282:in `reload'
  /usr/lib/ruby/gems/1.8/gems/actionpack-2.3.18/lib/action_controller/dispatcher.rb:58:in `reload_application'
  /usr/lib/ruby/gems/1.8/gems/actionpack-2.3.18/lib/action_controller/reloader.rb:33:in `run'
  /usr/lib/ruby/gems/1.8/gems/actionpack-2.3.18/lib/action_controller/dispatcher.rb:108:in `call'
  /usr/lib/ruby/gems/1.8/gems/rack-1.1.3/lib/rack/content_length.rb:13:in `call'
  /usr/lib/ruby/gems/1.8/gems/rack-1.1.3/lib/rack/handler/fastcgi.rb:57:in `serve'
  /usr/lib/ruby/gems/1.8/gems/rails-2.3.18/lib/fcgi_handler.rb:103:in `process_request'
  /usr/lib/ruby/gems/1.8/gems/rails-2.3.18/lib/fcgi_handler.rb:153:in `with_signal_handler'
  /usr/lib/ruby/gems/1.8/gems/rails-2.3.18/lib/fcgi_handler.rb:101:in `process_request'
  /usr/lib/ruby/gems/1.8/gems/rails-2.3.18/lib/fcgi_handler.rb:78:in `process_each_request'
  /usr/lib/ruby/gems/1.8/gems/fcgi-0.8.8/lib/fcgi.rb:117:in `session'
  /usr/lib/ruby/gems/1.8/gems/fcgi-0.8.8/lib/fcgi.rb:104:in `each_request'
  /usr/lib/ruby/gems/1.8/gems/fcgi-0.8.8/lib/fcgi.rb:36:in `each'
  /usr/lib/ruby/gems/1.8/gems/rails-2.3.18/lib/fcgi_handler.rb:77:in `process_each_request'
  /usr/lib/ruby/gems/1.8/gems/rails-2.3.18/lib/fcgi_handler.rb:76:in `catch'
  /usr/lib/ruby/gems/1.8/gems/rails-2.3.18/lib/fcgi_handler.rb:76:in `process_each_request'
  /usr/lib/ruby/gems/1.8/gems/rails-2.3.18/lib/fcgi_handler.rb:51:in `process!'
  /usr/lib/ruby/gems/1.8/gems/rails-2.3.18/lib/fcgi_handler.rb:23:in `process!'
  dispatch.fcgi:24
unhandled dispatch error
[14/Nov/2016:20:00:09 :: 66007] asked to stop immediately
[14/Nov/2016:20:00:09 :: 66007] stopping after explicit exit
[14/Nov/2016:20:23:46 :: 122357] starting
[14/Nov/2016:20:23:48 :: 122441] starting
[14/Nov/2016:22:04:24 :: 9054] starting
[15/Nov/2016:18:41:55 :: 70332] starting
[15/Nov/2016:18:45:32 :: 85771] starting
[23/Nov/2016:14:45:34 :: 83746] starting
[23/Nov/2016:14:45:34 :: 83821] starting
[23/Nov/2016:15:46:39 :: 69932] starting
[23/Nov/2016:16:27:11 :: 107279] starting
[23/Nov/2016:17:28:11 :: 75458] starting
[25/Nov/2016:10:04:53 :: 69750] starting
[25/Nov/2016:10:04:57 :: 70252] starting
[25/Nov/2016:10:50:08 :: 69750] asked to stop immediately
[25/Nov/2016:10:50:08 :: 70252] asked to stop immediately
[25/Nov/2016:10:50:08 :: 70252] stopping after explicit exit
[25/Nov/2016:10:50:08 :: 69750] stopping after explicit exit
[25/Nov/2016:10:53:08 :: 129502] starting
[25/Nov/2016:11:54:39 :: 110570] starting
[25/Nov/2016:13:03:30 :: 118813] starting
[25/Nov/2016:17:11:51 :: 35597] starting
[25/Nov/2016:17:40:07 :: 35597] asked to stop immediately
[25/Nov/2016:17:40:07 :: 35597] stopping after explicit exit
[25/Nov/2016:17:40:58 :: 8850] starting
[25/Nov/2016:18:25:46 :: 8850] asked to stop immediately
[25/Nov/2016:18:25:46 :: 8850] stopping after explicit exit
[25/Nov/2016:18:26:22 :: 48492] starting
[25/Nov/2016:18:26:22 :: 48491] starting
[26/Nov/2016:00:12:22 :: 112084] starting
[26/Nov/2016:01:21:26 :: 89295] starting
[26/Nov/2016:15:02:10 :: 14272] starting
[27/Nov/2016:12:10:11 :: 32289] starting
[27/Nov/2016:12:20:08 :: 32289] asked to stop immediately
[27/Nov/2016:12:20:08 :: 32289] stopping after explicit exit
[28/Nov/2016:17:32:04 :: 108168] starting
[28/Nov/2016:17:40:08 :: 108168] asked to stop immediately
[28/Nov/2016:17:40:08 :: 108168] stopping after explicit exit
[28/Nov/2016:17:40:25 :: 11801] starting
[29/Nov/2016:17:55:27 :: 60141] starting
[30/Nov/2016:20:10:19 :: 59542] starting
[30/Nov/2016:22:37:07 :: 92578] starting
[30/Nov/2016:23:00:09 :: 92578] asked to stop immediately
[30/Nov/2016:23:00:09 :: 92578] stopping after explicit exit
[30/Nov/2016:23:20:49 :: 117080] starting
[01/Dec/2016:13:49:11 :: 129911] starting
[02/Dec/2016:10:02:05 :: 52728] starting
[02/Dec/2016:10:20:08 :: 52728] asked to stop immediately
[02/Dec/2016:10:20:08 :: 52728] stopping after explicit exit
[02/Dec/2016:10:34:47 :: 59158] starting
[02/Dec/2016:11:30:08 :: 59158] asked to stop immediately
[02/Dec/2016:11:30:08 :: 59158] stopping after explicit exit
[06/Dec/2016:19:36:43 :: 122983] starting
[26/Dec/2016:20:29:48 :: 77049] starting
[26/Dec/2016:22:15:57 :: 47013] starting
[26/Dec/2016:22:15:59 :: 47166] starting
[27/Dec/2016:13:07:34 :: 115382] starting
[27/Dec/2016:13:30:08 :: 115382] asked to stop immediately
[27/Dec/2016:13:30:08 :: 115382] stopping after explicit exit
[27/Dec/2016:14:09:01 :: 102438] starting
[27/Dec/2016:14:09:04 :: 102675] starting
[03/Jan/2017:20:23:09 :: 94003] starting
[11/Jan/2017:19:51:32 :: 59324] starting
[16/Jan/2017:18:48:02 :: 23985] starting
[16/Jan/2017:18:48:05 :: 24314] starting
[16/Jan/2017:19:50:58 :: 97139] starting
[16/Jan/2017:20:51:47 :: 97139] asked to stop immediately
[16/Jan/2017:20:51:47 :: 97139] stopping after explicit exit
[16/Jan/2017:20:51:51 :: 30159] starting
[17/Jan/2017:09:09:24 :: 68400] starting
[17/Jan/2017:09:40:12 :: 68400] asked to stop immediately
[17/Jan/2017:09:40:12 :: 68400] stopping after explicit exit
[17/Jan/2017:10:19:06 :: 76326] starting
[17/Jan/2017:11:20:24 :: 38056] starting
[17/Jan/2017:11:30:08 :: 38056] asked to stop immediately
[17/Jan/2017:11:30:08 :: 38056] stopping after explicit exit
[17/Jan/2017:11:54:20 :: 29057] starting
[17/Jan/2017:16:45:16 :: 45754] starting
[17/Jan/2017:21:16:58 :: 129958] starting
[17/Jan/2017:21:17:00 :: 130047] starting
[17/Jan/2017:22:18:07 :: 39744] starting
[17/Jan/2017:23:10:07 :: 39744] asked to stop immediately
[17/Jan/2017:23:10:07 :: 39744] stopping after explicit exit
[17/Jan/2017:23:23:51 :: 110798] starting
[18/Jan/2017:00:20:08 :: 110798] asked to stop immediately
[18/Jan/2017:00:20:08 :: 110798] stopping after explicit exit
[18/Jan/2017:06:53:46 :: 81547] starting
[18/Jan/2017:07:20:12 :: 81547] asked to stop immediately
[18/Jan/2017:07:20:12 :: 81547] stopping after explicit exit
[18/Jan/2017:09:12:58 :: 93607] starting
[18/Jan/2017:09:13:00 :: 93753] starting
[18/Jan/2017:11:45:48 :: 115019] starting
[18/Jan/2017:11:45:51 :: 115163] starting
[18/Jan/2017:14:24:00 :: 44376] starting
[18/Jan/2017:14:24:03 :: 44569] starting
[18/Jan/2017:16:19:02 :: 95109] starting
[18/Jan/2017:16:19:06 :: 95388] starting
[19/Jan/2017:15:50:36 :: 13565] starting
[19/Jan/2017:16:40:07 :: 13565] asked to stop immediately
[19/Jan/2017:16:40:07 :: 13565] stopping after explicit exit
[20/Jan/2017:15:21:18 :: 56750] starting
[23/Jan/2017:09:08:24 :: 77481] starting
[23/Jan/2017:09:08:25 :: 77689] starting
[24/Jan/2017:09:55:56 :: 83307] starting
[24/Jan/2017:10:02:14 :: 83307] asked to stop immediately
[24/Jan/2017:10:02:14 :: 83307] stopping after explicit exit
[24/Jan/2017:11:20:09 :: 16328] starting
[24/Jan/2017:11:28:15 :: 16328] asked to stop immediately
[24/Jan/2017:11:28:15 :: 16328] stopping after explicit exit
[24/Jan/2017:12:04:50 :: 76807] starting
[24/Jan/2017:12:05:07 :: 76807] asked to stop immediately
[24/Jan/2017:12:05:07 :: 76807] stopping after explicit exit
[24/Jan/2017:12:05:45 :: 81132] starting
[24/Jan/2017:12:06:12 :: 81132] asked to stop immediately
[24/Jan/2017:12:06:12 :: 81132] stopping after explicit exit
[24/Jan/2017:21:01:14 :: 65417] starting
[24/Jan/2017:21:20:07 :: 65417] asked to stop immediately
[24/Jan/2017:21:20:07 :: 65417] stopping after explicit exit
[26/Jan/2017:12:54:56 :: 26547] starting
[26/Jan/2017:13:10:07 :: 26547] asked to stop immediately
[26/Jan/2017:13:10:07 :: 26547] stopping after explicit exit
[28/Jan/2017:10:56:48 :: 74218] starting
[08/Feb/2017:13:55:13 :: 21743] starting
[08/Feb/2017:14:50:07 :: 21743] asked to stop immediately
[08/Feb/2017:14:50:07 :: 21743] stopping after explicit exit
[10/Feb/2017:18:40:23 :: 22182] starting
[21/Feb/2017:13:25:43 :: 103095] starting
[27/Feb/2017:15:18:29 :: 126590] starting
[08/Mar/2017:17:33:15 :: 64225] starting
[10/Mar/2017:11:54:49 :: 44549] starting
[10/Mar/2017:12:50:07 :: 44549] asked to stop immediately
[10/Mar/2017:12:50:07 :: 44549] stopping after explicit exit
[13/Mar/2017:13:44:33 :: 45492] starting
[13/Mar/2017:14:40:07 :: 45492] asked to stop immediately
[13/Mar/2017:14:40:07 :: 45492] stopping after explicit exit
[13/Mar/2017:14:44:32 :: 2668] starting
[13/Mar/2017:14:50:07 :: 2668] asked to stop immediately
[13/Mar/2017:14:50:07 :: 2668] stopping after explicit exit
